0 info it worked if it ends with ok
1 verbose cli [ '/home/johnvoon/.nvm/versions/node/v6.0.0/bin/node',
1 verbose cli   '/home/johnvoon/.nvm/versions/node/v6.0.0/bin/npm',
1 verbose cli   'start' ]
2 info using npm@3.8.6
3 info using node@v6.0.0
4 verbose run-script [ 'prestart', 'start', 'poststart' ]
5 info lifecycle concept-law-firm-website@1.0.0~prestart: concept-law-firm-website@1.0.0
6 silly lifecycle concept-law-firm-website@1.0.0~prestart: no script for prestart, continuing
7 info lifecycle concept-law-firm-website@1.0.0~start: concept-law-firm-website@1.0.0
8 verbose lifecycle concept-law-firm-website@1.0.0~start: unsafe-perm in lifecycle true
9 verbose lifecycle concept-law-firm-website@1.0.0~start: PATH: /home/johnvoon/.nvm/versions/node/v6.0.0/lib/node_modules/npm/bin/node-gyp-bin:/home/johnvoon/Concept/concept/node_modules/.bin:/home/johnvoon/.nvm/versions/node/v6.0.0/bin:/home/johnvoon/.nvm/versions/node/v6.0.0/bin:/home/johnvoon/google-cloud-sdk/bin:/usr/local/heroku/bin:/home/johnvoon/.rvm/gems/ruby-2.3.0/bin:/home/johnvoon/.rvm/gems/ruby-2.3.0@global/bin:/home/johnvoon/.rvm/rubies/ruby-2.3.0/bin:/usr/local/sbin:/usr/local/bin:/usr/sbin:/usr/bin:/sbin:/bin:/usr/games:/usr/local/games:/home/johnvoon/.rvm/bin:/home/johnvoon/.rvm/bin:/home/johnvoon/.rvm/bin
10 verbose lifecycle concept-law-firm-website@1.0.0~start: CWD: /home/johnvoon/Concept/concept
11 silly lifecycle concept-law-firm-website@1.0.0~start: Args: [ '-c', 'API_URL=\'http://localhost:8000\' webpack-dev-server' ]
12 silly lifecycle concept-law-firm-website@1.0.0~start: Returned: code: 137  signal: null
13 info lifecycle concept-law-firm-website@1.0.0~start: Failed to exec start script
14 verbose stack Error: concept-law-firm-website@1.0.0 start: `API_URL='http://localhost:8000' webpack-dev-server`
14 verbose stack Exit status 137
14 verbose stack     at EventEmitter.<anonymous> (/home/johnvoon/.nvm/versions/node/v6.0.0/lib/node_modules/npm/lib/utils/lifecycle.js:239:16)
14 verbose stack     at emitTwo (events.js:106:13)
14 verbose stack     at EventEmitter.emit (events.js:191:7)
14 verbose stack     at ChildProcess.<anonymous> (/home/johnvoon/.nvm/versions/node/v6.0.0/lib/node_modules/npm/lib/utils/spawn.js:24:14)
14 verbose stack     at emitTwo (events.js:106:13)
14 verbose stack     at ChildProcess.emit (events.js:191:7)
14 verbose stack     at maybeClose (internal/child_process.js:850:16)
14 verbose stack     at Process.ChildProcess._handle.onexit (internal/child_process.js:215:5)
15 verbose pkgid concept-law-firm-website@1.0.0
16 verbose cwd /home/johnvoon/Concept/concept
17 error Linux 4.2.0-34-generic
18 error argv "/home/johnvoon/.nvm/versions/node/v6.0.0/bin/node" "/home/johnvoon/.nvm/versions/node/v6.0.0/bin/npm" "start"
19 error node v6.0.0
20 error npm  v3.8.6
21 error code ELIFECYCLE
22 error concept-law-firm-website@1.0.0 start: `API_URL='http://localhost:8000' webpack-dev-server`
22 error Exit status 137
23 error Failed at the concept-law-firm-website@1.0.0 start script 'API_URL='http://localhost:8000' webpack-dev-server'.
23 error Make sure you have the latest version of node.js and npm installed.
23 error If you do, this is most likely a problem with the concept-law-firm-website package,
23 error not with npm itself.
23 error Tell the author that this fails on your system:
23 error     API_URL='http://localhost:8000' webpack-dev-server
23 error You can get information on how to open an issue for this project with:
23 error     npm bugs concept-law-firm-website
23 error Or if that isn't available, you can get their info via:
23 error     npm owner ls concept-law-firm-website
23 error There is likely additional logging output above.
24 verbose exit [ 1, true ]
